<?xml version="1.0"?>
<!DOCTYPE coverage SYSTEM "http://cobertura.sourceforge.net/xml/coverage-04.dtd">

<coverage line-rate="0.6688102893890675" branch-rate="0.5941558441558441" lines-covered="832" lines-valid="1244" branches-covered="183" branches-valid="308" complexity="1.6843575418994414" version="2.1.1" timestamp="1435653682063">
	<sources>
		<source>--source</source>
		<source>/home/pihla/tmc-core/target/generated-sources/annotations</source>
		<source>/home/pihla/tmc-core/src/main/java</source>
	</sources>
	<packages>
		<package name="hy.tmc.cli.backend" line-rate="0.7387387387387387" branch-rate="0.9166666666666666" complexity="1.25">
			<classes>
				<class name="hy.tmc.cli.backend.Cache" filename="hy/tmc/cli/backend/Cache.java" line-rate="0.5" branch-rate="1.0" complexity="1.0">
					<methods>
						<method name="&lt;clinit&gt;" signature="()V" line-rate="1.0" branch-rate="1.0" complexity="0">
							<lines>
								<line number="12" hits="1" branch="false"/>
							</lines>
						</method>
						<method name="&lt;init&gt;" signature="()V" line-rate="0.0" branch-rate="1.0" complexity="0">
							<lines>
								<line number="9" hits="0" branch="false"/>
							</lines>
						</method>
						<method name="backupToDatabase" signature="()V" line-rate="0.0" branch-rate="1.0" complexity="0">
							<lines>
								<line number="33" hits="0" branch="false"/>
							</lines>
						</method>
						<method name="clear" signature="()V" line-rate="0.0" branch-rate="1.0" complexity="0">
							<lines>
								<line number="24" hits="0" branch="false"/>
								<line number="25" hits="0" branch="false"/>
							</lines>
						</method>
						<method name="getLastUpdated" signature="()Ljava/util/Date;" line-rate="1.0" branch-rate="1.0" complexity="0">
							<lines>
								<line number="20" hits="1" branch="false"/>
							</lines>
						</method>
						<method name="loadFromDatabase" signature="()V" line-rate="0.0" branch-rate="1.0" complexity="0">
							<lines>
								<line number="29" hits="0" branch="false"/>
							</lines>
						</method>
						<method name="update" signature="(Ljava/util/Map;)V" line-rate="1.0" branch-rate="1.0" complexity="0">
							<lines>
								<line number="15" hits="1" branch="false"/>
								<line number="16" hits="1" branch="false"/>
								<line number="17" hits="1" branch="false"/>
							</lines>
						</method>
					</methods>
					<lines>
						<line number="9" hits="0" branch="false"/>
						<line number="12" hits="1" branch="false"/>
						<line number="15" hits="1" branch="false"/>
						<line number="16" hits="1" branch="false"/>
						<line number="17" hits="1" branch="false"/>
						<line number="20" hits="1" branch="false"/>
						<line number="24" hits="0" branch="false"/>
						<line number="25" hits="0" branch="false"/>
						<line number="29" hits="0" branch="false"/>
						<line number="33" hits="0" branch="false"/>
					</lines>
				</class>
				<class name="hy.tmc.cli.backend.MailFormatter" filename="hy/tmc/cli/backend/MailFormatter.java" line-rate="0.9230769230769231" branch-rate="1.0" complexity="1.3333333333333333">
					<methods>
						<method name="&lt;init&gt;" signature="()V" line-rate="0.0" branch-rate="1.0" complexity="0">
							<lines>
								<line number="9" hits="0" branch="false"/>
							</lines>
						</method>
						<method name="addReviewToOutput" signature="(Lhy/tmc/cli/domain/Review;Ljava/lang/StringBuilder;)V" line-rate="1.0" branch-rate="1.0" complexity="0">
							<lines>
								<line number="32" hits="3" branch="false"/>
								<line number="33" hits="3" branch="false"/>
								<line number="34" hits="3" branch="false"/>
							</lines>
						</method>
						<method name="formatReviews" signature="(Ljava/util/List;)Ljava/lang/String;" line-rate="1.0" branch-rate="1.0" complexity="0">
							<lines>
								<line number="17" hits="1" branch="false"/>
							</lines>
						</method>
						<method name="reviewOutput" signature="(Ljava/util/List;)Ljava/lang/String;" line-rate="1.0" branch-rate="1.0" complexity="0">
							<lines>
								<line number="21" hits="1" branch="false"/>
								<line number="22" hits="1" branch="false"/>
								<line number="23" hits="1" branch="false"/>
								<line number="24" hits="1" branch="false"/>
								<line number="25" hits="1" branch="true" condition-coverage="100% (2/2)">
									<conditions>
										<condition number="0" type="jump" coverage="100%"/>
									</conditions>
								</line>
								<line number="26" hits="3" branch="false"/>
								<line number="27" hits="3" branch="false"/>
								<line number="28" hits="1" branch="false"/>
							</lines>
						</method>
					</methods>
					<lines>
						<line number="9" hits="0" branch="false"/>
						<line number="17" hits="1" branch="false"/>
						<line number="21" hits="1" branch="false"/>
						<line number="22" hits="1" branch="false"/>
						<line number="23" hits="1" branch="false"/>
						<line number="24" hits="1" branch="false"/>
						<line number="25" hits="1" branch="true" condition-coverage="100% (2/2)">
							<conditions>
								<condition number="0" type="jump" coverage="100%"/>
							</conditions>
						</line>
						<line number="26" hits="3" branch="false"/>
						<line number="27" hits="3" branch="false"/>
						<line number="28" hits="1" branch="false"/>
						<line number="32" hits="3" branch="false"/>
						<line number="33" hits="3" branch="false"/>
						<line number="34" hits="3" branch="false"/>
					</lines>
				</class>
				<class name="hy.tmc.cli.backend.Mailbox" filename="hy/tmc/cli/backend/Mailbox.java" line-rate="0.7352941176470589" branch-rate="0.8333333333333334" complexity="1.4166666666666667">
					<methods>
						<method name="&lt;init&gt;" signature="()V" line-rate="1.0" branch-rate="1.0" complexity="0">
							<lines>
								<line number="25" hits="24" branch="false"/>
								<line number="26" hits="24" branch="false"/>
								<line number="27" hits="24" branch="false"/>
								<line number="28" hits="24" branch="false"/>
							</lines>
						</method>
						<method name="create" signature="()V" line-rate="1.0" branch-rate="1.0" complexity="0">
							<lines>
								<line number="89" hits="24" branch="false"/>
								<line number="90" hits="24" branch="false"/>
							</lines>
						</method>
						<method name="destroy" signature="()V" line-rate="1.0" branch-rate="1.0" complexity="0">
							<lines>
								<line number="93" hits="9" branch="false"/>
								<line number="94" hits="9" branch="false"/>
							</lines>
						</method>
						<method name="emptyMailbox" signature="()V" line-rate="1.0" branch-rate="0.5" complexity="0">
							<lines>
								<line number="100" hits="1" branch="false"/>
								<line number="101" hits="1" branch="true" condition-coverage="50% (1/2)">
									<conditions>
										<condition number="0" type="jump" coverage="50%"/>
									</conditions>
								</line>
								<line number="102" hits="1" branch="false"/>
								<line number="104" hits="1" branch="false"/>
							</lines>
						</method>
						<method name="fill" signature="(Lhy/tmc/cli/domain/Course;Ljava/util/List;)V" line-rate="0.0" branch-rate="1.0" complexity="0">
							<lines>
								<line number="49" hits="0" branch="false"/>
								<line number="50" hits="0" branch="false"/>
								<line number="51" hits="0" branch="false"/>
								<line number="52" hits="0" branch="false"/>
							</lines>
						</method>
						<method name="fill" signature="(Ljava/util/List;)V" line-rate="1.0" branch-rate="1.0" complexity="0">
							<lines>
								<line number="36" hits="12" branch="true" condition-coverage="100% (2/2)">
									<conditions>
										<condition number="0" type="jump" coverage="100%"/>
									</conditions>
								</line>
								<line number="37" hits="11" branch="false"/>
								<line number="38" hits="11" branch="false"/>
								<line number="39" hits="11" branch="false"/>
							</lines>
						</method>
						<method name="getExerciseUpdates" signature="(Lhy/tmc/cli/domain/Course;)Ljava/util/List;" line-rate="0.0" branch-rate="1.0" complexity="0">
							<lines>
								<line number="74" hits="0" branch="false"/>
								<line number="75" hits="0" branch="false"/>
								<line number="76" hits="0" branch="false"/>
								<line number="77" hits="0" branch="false"/>
							</lines>
						</method>
						<method name="getMailbox" signature="()Lcom/google/common/base/Optional;" line-rate="1.0" branch-rate="1.0" complexity="0">
							<lines>
								<line number="111" hits="40" branch="true" condition-coverage="100% (2/2)">
									<conditions>
										<condition number="0" type="jump" coverage="100%"/>
									</conditions>
								</line>
								<line number="112" hits="3" branch="false"/>
								<line number="114" hits="37" branch="false"/>
							</lines>
						</method>
						<method name="getUnreadReviews" signature="()Ljava/util/List;" line-rate="1.0" branch-rate="1.0" complexity="0">
							<lines>
								<line number="60" hits="5" branch="false"/>
								<line number="61" hits="5" branch="false"/>
								<line number="62" hits="5" branch="false"/>
								<line number="63" hits="5" branch="false"/>
							</lines>
						</method>
						<method name="hasMailboxInitialized" signature="()Z" line-rate="1.0" branch-rate="1.0" complexity="0">
							<lines>
								<line number="107" hits="2" branch="false"/>
							</lines>
						</method>
						<method name="reviewsWaiting" signature="()Z" line-rate="1.0" branch-rate="1.0" complexity="0">
							<lines>
								<line number="81" hits="6" branch="false"/>
							</lines>
						</method>
						<method name="updatesWaiting" signature="()Z" line-rate="0.0" branch-rate="1.0" complexity="0">
							<lines>
								<line number="85" hits="0" branch="false"/>
							</lines>
						</method>
					</methods>
					<lines>
						<line number="25" hits="24" branch="false"/>
						<line number="26" hits="24" branch="false"/>
						<line number="27" hits="24" branch="false"/>
						<line number="28" hits="24" branch="false"/>
						<line number="36" hits="12" branch="true" condition-coverage="100% (2/2)">
							<conditions>
								<condition number="0" type="jump" coverage="100%"/>
							</conditions>
						</line>
						<line number="37" hits="11" branch="false"/>
						<line number="38" hits="11" branch="false"/>
						<line number="39" hits="11" branch="false"/>
						<line number="49" hits="0" branch="false"/>
						<line number="50" hits="0" branch="false"/>
						<line number="51" hits="0" branch="false"/>
						<line number="52" hits="0" branch="false"/>
						<line number="60" hits="5" branch="false"/>
						<line number="61" hits="5" branch="false"/>
						<line number="62" hits="5" branch="false"/>
						<line number="63" hits="5" branch="false"/>
						<line number="74" hits="0" branch="false"/>
						<line number="75" hits="0" branch="false"/>
						<line number="76" hits="0" branch="false"/>
						<line number="77" hits="0" branch="false"/>
						<line number="81" hits="6" branch="false"/>
						<line number="85" hits="0" branch="false"/>
						<line number="89" hits="24" branch="false"/>
						<line number="90" hits="24" branch="false"/>
						<line number="93" hits="9" branch="false"/>
						<line number="94" hits="9" branch="false"/>
						<line number="100" hits="1" branch="false"/>
						<line number="101" hits="1" branch="true" condition-coverage="50% (1/2)">
							<conditions>
								<condition number="0" type="jump" coverage="50%"/>
							</conditions>
						</line>
						<line number="102" hits="1" branch="false"/>
						<line number="104" hits="1" branch="false"/>
						<line number="107" hits="2" branch="false"/>
						<line number="111" hits="40" branch="true" condition-coverage="100% (2/2)">
							<conditions>
								<condition number="0" type="jump" coverage="100%"/>
							</conditions>
						</line>
						<line number="112" hits="3" branch="false"/>
						<line number="114" hits="37" branch="false"/>
					</lines>
				</class>
				<class name="hy.tmc.cli.backend.TmcCore" filename="hy/tmc/cli/backend/TmcCore.java" line-rate="0.7407407407407407" branch-rate="1.0" complexity="1.1875">
					<methods>
						<method name="&lt;init&gt;" signature="()V" line-rate="0.0" branch-rate="1.0" complexity="0">
							<lines>
								<line number="41" hits="0" branch="false"/>
								<line number="42" hits="0" branch="false"/>
								<line number="43" hits="0" branch="false"/>
							</lines>
						</method>
						<method name="&lt;init&gt;" signature="(Lcom/google/common/util/concurrent/ListeningExecutorService;)V" line-rate="1.0" branch-rate="1.0" complexity="0">
							<lines>
								<line number="50" hits="12" branch="false"/>
								<line number="51" hits="12" branch="false"/>
								<line number="52" hits="12" branch="false"/>
							</lines>
						</method>
						<method name="checkParameters" signature="([Ljava/lang/String;)V" line-rate="1.0" branch-rate="1.0" complexity="0">
							<lines>
								<line number="238" hits="17" branch="true" condition-coverage="100% (2/2)">
									<conditions>
										<condition number="0" type="jump" coverage="100%"/>
									</conditions>
								</line>
								<line number="239" hits="11" branch="true" condition-coverage="100% (2/2)">
									<conditions>
										<condition number="0" type="jump" coverage="100%"/>
									</conditions>
								</line>
								<line number="240" hits="3" branch="false"/>
								<line number="243" hits="6" branch="false"/>
							</lines>
						</method>
						<method name="downloadExercises" signature="(Ljava/lang/String;Ljava/lang/String;)Lcom/google/common/util/concurrent/ListenableFuture;" line-rate="1.0" branch-rate="1.0" complexity="0">
							<lines>
								<line number="117" hits="2" branch="false"/>
								<line number="119" hits="1" branch="false"/>
								<line number="120" hits="1" branch="false"/>
								<line number="121" hits="1" branch="false"/>
							</lines>
						</method>
						<method name="getThreadPool" signature="()Lcom/google/common/util/concurrent/ListeningExecutorService;" line-rate="0.0" branch-rate="1.0" complexity="0">
							<lines>
								<line number="55" hits="0" branch="false"/>
							</lines>
						</method>
						<method name="help" signature="()Lcom/google/common/util/concurrent/ListenableFuture;" line-rate="1.0" branch-rate="1.0" complexity="0">
							<lines>
								<line number="133" hits="1" branch="false"/>
								<line number="134" hits="1" branch="false"/>
								<line number="135" hits="1" branch="false"/>
							</lines>
						</method>
						<method name="listCourses" signature="()Lcom/google/common/util/concurrent/ListenableFuture;" line-rate="1.0" branch-rate="1.0" complexity="0">
							<lines>
								<line number="147" hits="1" branch="false"/>
								<line number="148" hits="1" branch="false"/>
								<line number="149" hits="1" branch="false"/>
							</lines>
						</method>
						<method name="listExercises" signature="(Ljava/lang/String;)Lcom/google/common/util/concurrent/ListenableFuture;" line-rate="1.0" branch-rate="1.0" complexity="0">
							<lines>
								<line number="162" hits="1" branch="false"/>
								<line number="164" hits="1" branch="false"/>
								<line number="165" hits="1" branch="false"/>
								<line number="166" hits="1" branch="false"/>
							</lines>
						</method>
						<method name="login" signature="(Ljava/lang/String;Ljava/lang/String;)Lcom/google/common/util/concurrent/ListenableFuture;" line-rate="1.0" branch-rate="1.0" complexity="0">
							<lines>
								<line number="68" hits="2" branch="false"/>
								<line number="69" hits="1" branch="false"/>
								<line number="71" hits="1" branch="false"/>
								<line number="72" hits="1" branch="false"/>
							</lines>
						</method>
						<method name="logout" signature="()Lcom/google/common/util/concurrent/ListenableFuture;" line-rate="1.0" branch-rate="1.0" complexity="0">
							<lines>
								<line number="85" hits="1" branch="false"/>
								<line number="86" hits="1" branch="false"/>
								<line number="87" hits="1" branch="false"/>
							</lines>
						</method>
						<method name="paste" signature="(Ljava/lang/String;)Lcom/google/common/util/concurrent/ListenableFuture;" line-rate="0.0" branch-rate="1.0" complexity="0">
							<lines>
								<line number="225" hits="0" branch="false"/>
								<line number="227" hits="0" branch="false"/>
								<line number="228" hits="0" branch="false"/>
								<line number="229" hits="0" branch="false"/>
							</lines>
						</method>
						<method name="selectServer" signature="(Ljava/lang/String;)Lcom/google/common/util/concurrent/ListenableFuture;" line-rate="1.0" branch-rate="1.0" complexity="0">
							<lines>
								<line number="99" hits="1" branch="false"/>
								<line number="101" hits="1" branch="false"/>
								<line number="102" hits="1" branch="false"/>
								<line number="103" hits="1" branch="false"/>
							</lines>
						</method>
						<method name="sendFeedback" signature="(Ljava/util/Map;Ljava/lang/String;)Lcom/google/common/util/concurrent/ListenableFuture;" line-rate="0.0" branch-rate="1.0" complexity="0">
							<lines>
								<line number="207" hits="0" branch="false"/>
								<line number="208" hits="0" branch="false"/>
								<line number="210" hits="0" branch="false"/>
								<line number="211" hits="0" branch="false"/>
								<line number="212" hits="0" branch="false"/>
							</lines>
						</method>
						<method name="submit" signature="(Ljava/lang/String;)Lcom/google/common/util/concurrent/ListenableFuture;" line-rate="1.0" branch-rate="1.0" complexity="0">
							<lines>
								<line number="181" hits="2" branch="false"/>
								<line number="183" hits="1" branch="false"/>
								<line number="184" hits="1" branch="false"/>
								<line number="185" hits="1" branch="false"/>
							</lines>
						</method>
						<method name="submitTask" signature="(Ljava/util/concurrent/Callable;)Lcom/google/common/util/concurrent/ListenableFuture;" line-rate="0.0" branch-rate="1.0" complexity="0">
							<lines>
								<line number="234" hits="0" branch="false"/>
							</lines>
						</method>
						<method name="test" signature="(Ljava/lang/String;)Lcom/google/common/util/concurrent/ListenableFuture;" line-rate="1.0" branch-rate="1.0" complexity="0">
							<lines>
								<line number="199" hits="1" branch="false"/>
								<line number="201" hits="1" branch="false"/>
								<line number="202" hits="1" branch="false"/>
								<line number="203" hits="1" branch="false"/>
							</lines>
						</method>
					</methods>
					<lines>
						<line number="41" hits="0" branch="false"/>
						<line number="42" hits="0" branch="false"/>
						<line number="43" hits="0" branch="false"/>
						<line number="50" hits="12" branch="false"/>
						<line number="51" hits="12" branch="false"/>
						<line number="52" hits="12" branch="false"/>
						<line number="55" hits="0" branch="false"/>
						<line number="68" hits="2" branch="false"/>
						<line number="69" hits="1" branch="false"/>
						<line number="71" hits="1" branch="false"/>
						<line number="72" hits="1" branch="false"/>
						<line number="85" hits="1" branch="false"/>
						<line number="86" hits="1" branch="false"/>
						<line number="87" hits="1" branch="false"/>
						<line number="99" hits="1" branch="false"/>
						<line number="101" hits="1" branch="false"/>
						<line number="102" hits="1" branch="false"/>
						<line number="103" hits="1" branch="false"/>
						<line number="117" hits="2" branch="false"/>
						<line number="119" hits="1" branch="false"/>
						<line number="120" hits="1" branch="false"/>
						<line number="121" hits="1" branch="false"/>
						<line number="133" hits="1" branch="false"/>
						<line number="134" hits="1" branch="false"/>
						<line number="135" hits="1" branch="false"/>
						<line number="147" hits="1" branch="false"/>
						<line number="148" hits="1" branch="false"/>
						<line number="149" hits="1" branch="false"/>
						<line number="162" hits="1" branch="false"/>
						<line number="164" hits="1" branch="false"/>
						<line number="165" hits="1" branch="false"/>
						<line number="166" hits="1" branch="false"/>
						<line number="181" hits="2" branch="false"/>
						<line number="183" hits="1" branch="false"/>
						<line number="184" hits="1" branch="false"/>
						<line number="185" hits="1" branch="false"/>
						<line number="199" hits="1" branch="false"/>
						<line number="201" hits="1" branch="false"/>
						<line number="202" hits="1" branch="false"/>
						<line number="203" hits="1" branch="false"/>
						<line number="207" hits="0" branch="false"/>
						<line number="208" hits="0" branch="false"/>
						<line number="210" hits="0" branch="false"/>
						<line number="211" hits="0" branch="false"/>
						<line number="212" hits="0" branch="false"/>
						<line number="225" hits="0" branch="false"/>
						<line number="227" hits="0" branch="false"/>
						<line number="228" hits="0" branch="false"/>
						<line number="229" hits="0" branch="false"/>
						<line number="234" hits="0" branch="false"/>
						<line number="238" hits="17" branch="true" condition-coverage="100% (2/2)">
							<conditions>
								<condition number="0" type="jump" coverage="100%"/>
							</conditions>
						</line>
						<line number="239" hits="11" branch="true" condition-coverage="100% (2/2)">
							<conditions>
								<condition number="0" type="jump" coverage="100%"/>
							</conditions>
						</line>
						<line number="240" hits="3" branch="false"/>
						<line number="243" hits="6" branch="false"/>
					</lines>
				</class>
			</classes>
		</package>
		<package name="hy.tmc.cli.backend.communication" line-rate="0.7740963855421686" branch-rate="0.58" complexity="1.793103448275862">
			<classes>
				<class name="hy.tmc.cli.backend.communication.CourseSubmitter" filename="hy/tmc/cli/backend/communication/CourseSubmitter.java" line-rate="0.8904109589041096" branch-rate="0.8076923076923077" complexity="2.111111111111111">
					<methods>
						<method name="&lt;init&gt;" signature="(Lhy/tmc/cli/zipping/RootFinder;Lhy/tmc/cli/zipping/ZipMaker;)V" line-rate="1.0" branch-rate="1.0" complexity="0">
							<lines>
								<line number="38" hits="12" branch="false"/>
								<line number="39" hits="12" branch="false"/>
								<line number="40" hits="12" branch="false"/>
								<line number="41" hits="12" branch="false"/>
							</lines>
						</method>
						<method name="deadlineGone" signature="(Ljava/util/Date;Ljava/util/Date;)Z" line-rate="1.0" branch-rate="0.5" complexity="0">
							<lines>
								<line number="63" hits="1" branch="true" condition-coverage="50% (1/2)">
									<conditions>
										<condition number="0" type="jump" coverage="50%"/>
									</conditions>
								</line>
							</lines>
						</method>
						<method name="deleteZipIfExists" signature="()V" line-rate="0.8" branch-rate="0.75" complexity="0">
							<lines>
								<line number="215" hits="8" branch="true" condition-coverage="100% (2/2)">
									<conditions>
										<condition number="0" type="jump" coverage="100%"/>
									</conditions>
								</line>
								<line number="216" hits="4" branch="false"/>
								<line number="217" hits="4" branch="true" condition-coverage="50% (1/2)">
									<conditions>
										<condition number="0" type="jump" coverage="50%"/>
									</conditions>
								</line>
								<line number="218" hits="0" branch="false"/>
								<line number="221" hits="8" branch="false"/>
							</lines>
						</method>
						<method name="findCourseExercises" signature="(Ljava/lang/String;)Ljava/util/List;" line-rate="1.0" branch-rate="1.0" complexity="0">
							<lines>
								<line number="166" hits="6" branch="false"/>
								<line number="167" hits="6" branch="false"/>
								<line number="168" hits="6" branch="true" condition-coverage="100% (2/2)">
									<conditions>
										<condition number="0" type="jump" coverage="100%"/>
									</conditions>
								</line>
								<line number="169" hits="1" branch="false"/>
								<line number="170" hits="1" branch="false"/>
								<line number="172" hits="5" branch="false"/>
								<line number="173" hits="5" branch="false"/>
							</lines>
						</method>
						<method name="findCurrentExercise" signature="(Ljava/util/List;Ljava/lang/String;)Lcom/google/common/base/Optional;" line-rate="0.7142857142857143" branch-rate="0.5" complexity="0">
							<lines>
								<line number="186" hits="5" branch="false"/>
								<line number="187" hits="5" branch="true" condition-coverage="50% (1/2)">
									<conditions>
										<condition number="0" type="jump" coverage="50%"/>
									</conditions>
								</line>
								<line number="188" hits="0" branch="false"/>
								<line number="189" hits="0" branch="false"/>
								<line number="191" hits="5" branch="false"/>
								<line number="192" hits="5" branch="false"/>
								<line number="193" hits="5" branch="false"/>
							</lines>
						</method>
						<method name="findExercise" signature="(Ljava/lang/String;)Lcom/google/common/base/Optional;" line-rate="1.0" branch-rate="1.0" complexity="0">
							<lines>
								<line number="162" hits="6" branch="false"/>
							</lines>
						</method>
						<method name="findExerciseFolderToZip" signature="(Ljava/lang/String;)Ljava/lang/String;" line-rate="1.0" branch-rate="1.0" complexity="0">
							<lines>
								<line number="147" hits="4" branch="false"/>
								<line number="148" hits="2" branch="false"/>
								<line number="149" hits="2" branch="false"/>
							</lines>
						</method>
						<method name="getExerciseByName" signature="(Ljava/lang/String;Ljava/util/List;)Lcom/google/common/base/Optional;" line-rate="1.0" branch-rate="1.0" complexity="0">
							<lines>
								<line number="197" hits="5" branch="true" condition-coverage="100% (2/2)">
									<conditions>
										<condition number="0" type="jump" coverage="100%"/>
									</conditions>
								</line>
								<line number="199" hits="3" branch="false"/>
								<line number="201" hits="52" branch="false"/>
								<line number="202" hits="2" branch="false"/>
							</lines>
						</method>
						<method name="getExerciseName" signature="(Ljava/lang/String;)[Ljava/lang/String;" line-rate="1.0" branch-rate="1.0" complexity="0">
							<lines>
								<line number="206" hits="1" branch="false"/>
							</lines>
						</method>
						<method name="initExercise" signature="(Ljava/lang/String;)Lhy/tmc/cli/domain/Exercise;" line-rate="1.0" branch-rate="1.0" complexity="0">
							<lines>
								<line number="100" hits="6" branch="false"/>
								<line number="102" hits="1" branch="false"/>
								<line number="103" hits="1" branch="false"/>
								<line number="105" hits="2" branch="false"/>
							</lines>
						</method>
						<method name="isExpired" signature="(Lhy/tmc/cli/domain/Exercise;)Z" line-rate="1.0" branch-rate="1.0" complexity="0">
							<lines>
								<line number="50" hits="2" branch="false"/>
								<line number="52" hits="1" branch="false"/>
								<line number="53" hits="1" branch="false"/>
								<line number="54" hits="1" branch="false"/>
								<line number="56" hits="1" branch="false"/>
							</lines>
						</method>
						<method name="searchExercise" signature="(Ljava/lang/String;)Lhy/tmc/cli/domain/Exercise;" line-rate="1.0" branch-rate="1.0" complexity="0">
							<lines>
								<line number="109" hits="6" branch="false"/>
								<line number="110" hits="5" branch="true" condition-coverage="100% (2/2)">
									<conditions>
										<condition number="0" type="jump" coverage="100%"/>
									</conditions>
								</line>
								<line number="111" hits="2" branch="false"/>
								<line number="112" hits="2" branch="false"/>
								<line number="114" hits="3" branch="false"/>
							</lines>
						</method>
						<method name="sendSubmissionToServer" signature="(Ljava/lang/String;Ljava/lang/String;)Ljava/lang/String;" line-rate="1.0" branch-rate="1.0" complexity="0">
							<lines>
								<line number="153" hits="1" branch="false"/>
								<line number="158" hits="1" branch="false"/>
							</lines>
						</method>
						<method name="sendSubmissionToServerWithPaste" signature="(Ljava/lang/String;Ljava/lang/String;)Ljava/lang/String;" line-rate="1.0" branch-rate="1.0" complexity="0">
							<lines>
								<line number="120" hits="1" branch="false"/>
								<line number="121" hits="1" branch="false"/>
								<line number="126" hits="1" branch="false"/>
							</lines>
						</method>
						<method name="sendZipFile" signature="(Ljava/lang/String;Lhy/tmc/cli/domain/Exercise;Z)Ljava/lang/String;" line-rate="1.0" branch-rate="1.0" complexity="0">
							<lines>
								<line number="130" hits="2" branch="false"/>
								<line number="132" hits="2" branch="false"/>
								<line number="134" hits="2" branch="false"/>
								<line number="135" hits="2" branch="false"/>
								<line number="137" hits="2" branch="true" condition-coverage="100% (2/2)">
									<conditions>
										<condition number="0" type="jump" coverage="100%"/>
									</conditions>
								</line>
								<line number="138" hits="1" branch="false"/>
								<line number="140" hits="1" branch="false"/>
								<line number="142" hits="2" branch="false"/>
								<line number="143" hits="2" branch="false"/>
							</lines>
						</method>
						<method name="submit" signature="(Ljava/lang/String;)Ljava/lang/String;" line-rate="1.0" branch-rate="1.0" complexity="0">
							<lines>
								<line number="76" hits="5" branch="false"/>
								<line number="77" hits="1" branch="false"/>
							</lines>
						</method>
						<method name="submitPaste" signature="(Ljava/lang/String;)Ljava/lang/String;" line-rate="1.0" branch-rate="1.0" complexity="0">
							<lines>
								<line number="90" hits="1" branch="false"/>
								<line number="91" hits="1" branch="false"/>
							</lines>
						</method>
						<method name="zip" signature="(Ljava/lang/String;Ljava/lang/String;)V" line-rate="0.6" branch-rate="1.0" complexity="0">
							<lines>
								<line number="178" hits="2" branch="false"/>
								<line number="180" hits="0" branch="false"/>
								<line number="181" hits="0" branch="false"/>
								<line number="182" hits="2" branch="false"/>
								<line number="183" hits="2" branch="false"/>
							</lines>
						</method>
					</methods>
					<lines>
						<line number="38" hits="12" branch="false"/>
						<line number="39" hits="12" branch="false"/>
						<line number="40" hits="12" branch="false"/>
						<line number="41" hits="12" branch="false"/>
						<line number="49" hits="0" branch="true" condition-coverage="75% (3/4)">
							<conditions>
								<condition number="0" type="jump" coverage="100%"/>
								<condition number="1" type="jump" coverage="50%"/>
							</conditions>
						</line>
						<line number="50" hits="2" branch="false"/>
						<line number="52" hits="1" branch="false"/>
						<line number="53" hits="1" branch="false"/>
						<line number="54" hits="1" branch="false"/>
						<line number="56" hits="1" branch="false"/>
						<line number="63" hits="1" branch="true" condition-coverage="50% (1/2)">
							<conditions>
								<condition number="0" type="jump" coverage="50%"/>
							</conditions>
						</line>
						<line number="76" hits="5" branch="false"/>
						<line number="77" hits="1" branch="false"/>
						<line number="90" hits="1" branch="false"/>
						<line number="91" hits="1" branch="false"/>
						<line number="100" hits="6" branch="false"/>
						<line number="101" hits="0" branch="true" condition-coverage="75% (3/4)">
							<conditions>
								<condition number="0" type="jump" coverage="100%"/>
								<condition number="1" type="jump" coverage="50%"/>
							</conditions>
						</line>
						<line number="102" hits="1" branch="false"/>
						<line number="103" hits="1" branch="false"/>
						<line number="105" hits="2" branch="false"/>
						<line number="109" hits="6" branch="false"/>
						<line number="110" hits="5" branch="true" condition-coverage="100% (2/2)">
							<conditions>
								<condition number="0" type="jump" coverage="100%"/>
							</conditions>
						</line>
						<line number="111" hits="2" branch="false"/>
						<line number="112" hits="2" branch="false"/>
						<line number="114" hits="3" branch="false"/>
						<line number="120" hits="1" branch="false"/>
						<line number="121" hits="1" branch="false"/>
						<line number="126" hits="1" branch="false"/>
						<line number="130" hits="2" branch="false"/>
						<line number="132" hits="2" branch="false"/>
						<line number="134" hits="2" branch="false"/>
						<line number="135" hits="2" branch="false"/>
						<line number="137" hits="2" branch="true" condition-coverage="100% (2/2)">
							<conditions>
								<condition number="0" type="jump" coverage="100%"/>
							</conditions>
						</line>
						<line number="138" hits="1" branch="false"/>
						<line number="140" hits="1" branch="false"/>
						<line number="142" hits="2" branch="false"/>
						<line number="143" hits="2" branch="false"/>
						<line number="147" hits="4" branch="false"/>
						<line number="148" hits="2" branch="false"/>
						<line number="149" hits="2" branch="false"/>
						<line number="153" hits="1" branch="false"/>
						<line number="158" hits="1" branch="false"/>
						<line number="162" hits="6" branch="false"/>
						<line number="166" hits="6" branch="false"/>
						<line number="167" hits="6" branch="false"/>
						<line number="168" hits="6" branch="true" condition-coverage="100% (2/2)">
							<conditions>
								<condition number="0" type="jump" coverage="100%"/>
							</conditions>
						</line>
						<line number="169" hits="1" branch="false"/>
						<line number="170" hits="1" branch="false"/>
						<line number="172" hits="5" branch="false"/>
						<line number="173" hits="5" branch="false"/>
						<line number="178" hits="2" branch="false"/>
						<line number="180" hits="0" branch="false"/>
						<line number="181" hits="0" branch="false"/>
						<line number="182" hits="2" branch="false"/>
						<line number="183" hits="2" branch="false"/>
						<line number="186" hits="5" branch="false"/>
						<line number="187" hits="5" branch="true" condition-coverage="50% (1/2)">
							<conditions>
								<condition number="0" type="jump" coverage="50%"/>
							</conditions>
						</line>
						<line number="188" hits="0" branch="false"/>
						<line number="189" hits="0" branch="false"/>
						<line number="191" hits="5" branch="false"/>
						<line number="192" hits="5" branch="false"/>
						<line number="193" hits="5" branch="false"/>
						<line number="197" hits="5" branch="true" condition-coverage="100% (2/2)">
							<conditions>
								<condition number="0" type="jump" coverage="100%"/>
							</conditions>
						</line>
						<line number="198" hits="0" branch="true" condition-coverage="100% (2/2)">
							<conditions>
								<condition number="0" type="jump" coverage="100%"/>
							</conditions>
						</line>
						<line number="199" hits="3" branch="false"/>
						<line number="201" hits="52" branch="false"/>
						<line number="202" hits="2" branch="false"/>
						<line number="206" hits="1" branch="false"/>
						<line number="215" hits="8" branch="true" condition-coverage="100% (2/2)">
							<conditions>
								<condition number="0" type="jump" coverage="100%"/>
							</conditions>
						</line>
						<line number="216" hits="4" branch="false"/>
						<line number="217" hits="4" branch="true" condition-coverage="50% (1/2)">
							<conditions>
								<condition number="0" type="jump" coverage="50%"/>
							</conditions>
						</line>
						<line number="218" hits="0" branch="false"/>
						<line number="221" hits="8" branch="false"/>
					</lines>
				</class>
				<class name="hy.tmc.cli.backend.communication.ExerciseDownloader" filename="hy/tmc/cli/backend/communication/ExerciseDownloader.java" line-rate="0.7777777777777778" branch-rate="0.5625" complexity="1.7857142857142858">
					<methods>
						<method name="&lt;init&gt;" signature="()V" line-rate="1.0" branch-rate="1.0" complexity="0">
							<lines>
								<line number="23" hits="11" branch="false"/>
								<line number="24" hits="11" branch="false"/>
								<line number="25" hits="11" branch="false"/>
							</lines>
						</method>
						<method name="&lt;init&gt;" signature="(Lhy/tmc/cli/zipping/UnzipDecider;)V" line-rate="1.0" branch-rate="1.0" complexity="0">
							<lines>
								<line number="32" hits="1" branch="false"/>
								<line number="33" hits="1" branch="false"/>
								<line number="34" hits="1" branch="false"/>
							</lines>
						</method>
						<method name="createCourseFolder" signature="(Ljava/lang/String;Ljava/lang/String;)Ljava/lang/String;" line-rate="0.8571428571428571" branch-rate="0.5" complexity="0">
							<lines>
								<line number="70" hits="6" branch="false"/>
								<line number="71" hits="6" branch="true" condition-coverage="50% (1/2)">
									<conditions>
										<condition number="0" type="jump" coverage="50%"/>
									</conditions>
								</line>
								<line number="72" hits="0" branch="false"/>
								<line number="74" hits="6" branch="false"/>
								<line number="75" hits="6" branch="true" condition-coverage="50% (1/2)">
									<conditions>
										<condition number="0" type="jump" coverage="50%"/>
									</conditions>
								</line>
								<line number="76" hits="6" branch="false"/>
								<line number="78" hits="6" branch="false"/>
							</lines>
						</method>
						<method name="deleteZip" signature="(Ljava/lang/String;)V" line-rate="0.0" branch-rate="1.0" complexity="0">
							<lines>
								<line number="135" hits="0" branch="false"/>
								<line number="136" hits="0" branch="false"/>
								<line number="137" hits="0" branch="false"/>
							</lines>
						</method>
						<method name="downloadExercises" signature="(Ljava/lang/String;)Lcom/google/common/base/Optional;" line-rate="0.75" branch-rate="0.5" complexity="0">
							<lines>
								<line number="43" hits="1" branch="false"/>
								<line number="44" hits="1" branch="true" condition-coverage="50% (1/2)">
									<conditions>
										<condition number="0" type="jump" coverage="50%"/>
									</conditions>
								</line>
								<line number="45" hits="1" branch="false"/>
								<line number="47" hits="0" branch="false"/>
							</lines>
						</method>
						<method name="downloadFile" signature="(Ljava/lang/String;Ljava/lang/String;)V" line-rate="1.0" branch-rate="1.0" complexity="0">
							<lines>
								<line number="194" hits="10" branch="false"/>
								<line number="195" hits="20" branch="false"/>
								<line number="196" hits="10" branch="false"/>
								<line number="197" hits="10" branch="false"/>
							</lines>
						</method>
						<method name="downloadFiles" signature="(Ljava/util/List;)Lcom/google/common/base/Optional;" line-rate="1.0" branch-rate="1.0" complexity="0">
							<lines>
								<line number="57" hits="6" branch="false"/>
							</lines>
						</method>
						<method name="downloadFiles" signature="(Ljava/util/List;Ljava/lang/String;)Lcom/google/common/base/Optional;" line-rate="1.0" branch-rate="1.0" complexity="0">
							<lines>
								<line number="66" hits="6" branch="false"/>
							</lines>
						</method>
						<method name="downloadFiles" signature="(Ljava/util/List;Ljava/lang/String;Ljava/lang/String;)Lcom/google/common/base/Optional;" line-rate="1.0" branch-rate="1.0" complexity="0">
							<lines>
								<line number="91" hits="6" branch="false"/>
								<line number="92" hits="6" branch="false"/>
								<line number="93" hits="6" branch="false"/>
								<line number="94" hits="6" branch="true" condition-coverage="100% (2/2)">
									<conditions>
										<condition number="0" type="jump" coverage="100%"/>
									</conditions>
								</line>
								<line number="95" hits="12" branch="false"/>
								<line number="96" hits="12" branch="false"/>
								<line number="97" hits="12" branch="false"/>
								<line number="98" hits="6" branch="false"/>
								<line number="99" hits="6" branch="false"/>
								<line number="100" hits="6" branch="false"/>
							</lines>
						</method>
						<method name="formatPath" signature="(Ljava/lang/String;)Ljava/lang/String;" line-rate="0.6" branch-rate="0.3333333333333333" complexity="0">
							<lines>
								<line number="168" hits="6" branch="true" condition-coverage="50% (1/2)">
									<conditions>
										<condition number="0" type="jump" coverage="50%"/>
									</conditions>
								</line>
								<line number="169" hits="0" branch="false"/>
								<line number="170" hits="6" branch="true" condition-coverage="25% (1/4)">
									<conditions>
										<condition number="0" type="jump" coverage="50%"/>
										<condition number="1" type="jump" coverage="0%"/>
									</conditions>
								</line>
								<line number="171" hits="0" branch="false"/>
								<line number="173" hits="6" branch="false"/>
							</lines>
						</method>
						<method name="getPercents" signature="(II)D" line-rate="0.0" branch-rate="1.0" complexity="0">
							<lines>
								<line number="184" hits="0" branch="false"/>
							</lines>
						</method>
						<method name="handleSingleExercise" signature="(Lhy/tmc/cli/domain/Exercise;IILjava/lang/String;)Ljava/lang/String;" line-rate="0.75" branch-rate="1.0" complexity="0">
							<lines>
								<line number="115" hits="10" branch="false"/>
								<line number="119" hits="10" branch="false"/>
								<line number="120" hits="0" branch="false"/>
								<line number="122" hits="10" branch="false"/>
								<line number="123" hits="10" branch="false"/>
								<line number="124" hits="10" branch="false"/>
								<line number="125" hits="0" branch="false"/>
								<line number="126" hits="10" branch="false"/>
							</lines>
						</method>
						<method name="unzipFile" signature="(Ljava/lang/String;Ljava/lang/String;)V" line-rate="0.6666666666666666" branch-rate="1.0" complexity="0">
							<lines>
								<line number="146" hits="10" branch="false"/>
								<line number="147" hits="10" branch="false"/>
								<line number="148" hits="0" branch="false"/>
							</lines>
						</method>
					</methods>
					<lines>
						<line number="23" hits="11" branch="false"/>
						<line number="24" hits="11" branch="false"/>
						<line number="25" hits="11" branch="false"/>
						<line number="32" hits="1" branch="false"/>
						<line number="33" hits="1" branch="false"/>
						<line number="34" hits="1" branch="false"/>
						<line number="43" hits="1" branch="false"/>
						<line number="44" hits="1" branch="true" condition-coverage="50% (1/2)">
							<conditions>
								<condition number="0" type="jump" coverage="50%"/>
							</conditions>
						</line>
						<line number="45" hits="1" branch="false"/>
						<line number="47" hits="0" branch="false"/>
						<line number="57" hits="6" branch="false"/>
						<line number="66" hits="6" branch="false"/>
						<line number="70" hits="6" branch="false"/>
						<line number="71" hits="6" branch="true" condition-coverage="50% (1/2)">
							<conditions>
								<condition number="0" type="jump" coverage="50%"/>
							</conditions>
						</line>
						<line number="72" hits="0" branch="false"/>
						<line number="74" hits="6" branch="false"/>
						<line number="75" hits="6" branch="true" condition-coverage="50% (1/2)">
							<conditions>
								<condition number="0" type="jump" coverage="50%"/>
							</conditions>
						</line>
						<line number="76" hits="6" branch="false"/>
						<line number="78" hits="6" branch="false"/>
						<line number="91" hits="6" branch="false"/>
						<line number="92" hits="6" branch="false"/>
						<line number="93" hits="6" branch="false"/>
						<line number="94" hits="6" branch="true" condition-coverage="100% (2/2)">
							<conditions>
								<condition number="0" type="jump" coverage="100%"/>
							</conditions>
						</line>
						<line number="95" hits="12" branch="false"/>
						<line number="96" hits="12" branch="false"/>
						<line number="97" hits="12" branch="false"/>
						<line number="98" hits="6" branch="false"/>
						<line number="99" hits="6" branch="false"/>
						<line number="100" hits="6" branch="false"/>
						<line number="112" hits="0" branch="true" condition-coverage="100% (2/2)">
							<conditions>
								<condition number="0" type="jump" coverage="100%"/>
							</conditions>
						</line>
						<line number="115" hits="10" branch="false"/>
						<line number="119" hits="10" branch="false"/>
						<line number="120" hits="0" branch="false"/>
						<line number="122" hits="10" branch="false"/>
						<line number="123" hits="10" branch="false"/>
						<line number="124" hits="10" branch="false"/>
						<line number="125" hits="0" branch="false"/>
						<line number="126" hits="10" branch="false"/>
						<line number="135" hits="0" branch="false"/>
						<line number="136" hits="0" branch="false"/>
						<line number="137" hits="0" branch="false"/>
						<line number="146" hits="10" branch="false"/>
						<line number="147" hits="10" branch="false"/>
						<line number="148" hits="0" branch="false"/>
						<line number="168" hits="6" branch="true" condition-coverage="50% (1/2)">
							<conditions>
								<condition number="0" type="jump" coverage="50%"/>
							</conditions>
						</line>
						<line number="169" hits="0" branch="false"/>
						<line number="170" hits="6" branch="true" condition-coverage="25% (1/4)">
							<conditions>
								<condition number="0" type="jump" coverage="50%"/>
								<condition number="1" type="jump" coverage="0%"/>
							</conditions>
						</line>
						<line number="171" hits="0" branch="false"/>
						<line number="173" hits="6" branch="false"/>
						<line number="184" hits="0" branch="false"/>
						<line number="194" hits="10" branch="false"/>
						<line number="195" hits="20" branch="false"/>
						<line number="196" hits="10" branch="false"/>
						<line number="197" hits="10" branch="false"/>
					</lines>
				</class>
				<class name="hy.tmc.cli.backend.communication.ExerciseLister" filename="hy/tmc/cli/backend/communication/ExerciseLister.java" line-rate="0.9230769230769231" branch-rate="0.5" complexity="2.6666666666666665">
					<methods>
						<method name="&lt;init&gt;" signature="()V" line-rate="1.0" branch-rate="1.0" complexity="0">
							<lines>
								<line number="20" hits="2" branch="false"/>
								<line number="21" hits="2" branch="false"/>
								<line number="22" hits="2" branch="false"/>
							</lines>
						</method>
						<method name="&lt;init&gt;" signature="(Lhy/tmc/cli/zipping/RootFinder;)V" line-rate="1.0" branch-rate="1.0" complexity="0">
							<lines>
								<line number="29" hits="2" branch="false"/>
								<line number="30" hits="2" branch="false"/>
								<line number="31" hits="2" branch="false"/>
							</lines>
						</method>
						<method name="listExercises" signature="(Ljava/lang/String;)Ljava/util/List;" line-rate="0.8571428571428571" branch-rate="0.5" complexity="0">
							<lines>
								<line number="40" hits="2" branch="false"/>
								<line number="42" hits="2" branch="true" condition-coverage="100% (2/2)">
									<conditions>
										<condition number="0" type="jump" coverage="100%"/>
									</conditions>
								</line>
								<line number="43" hits="1" branch="false"/>
								<line number="46" hits="1" branch="false"/>
								<line number="47" hits="1" branch="true" condition-coverage="25% (1/4)">
									<conditions>
										<condition number="0" type="jump" coverage="50%"/>
										<condition number="1" type="jump" coverage="0%"/>
									</conditions>
								</line>
								<line number="48" hits="1" branch="false"/>
								<line number="51" hits="0" branch="false"/>
							</lines>
						</method>
					</methods>
					<lines>
						<line number="20" hits="2" branch="false"/>
						<line number="21" hits="2" branch="false"/>
						<line number="22" hits="2" branch="false"/>
						<line number="29" hits="2" branch="false"/>
						<line number="30" hits="2" branch="false"/>
						<line number="31" hits="2" branch="false"/>
						<line number="40" hits="2" branch="false"/>
						<line number="42" hits="2" branch="true" condition-coverage="100% (2/2)">
							<conditions>
								<condition number="0" type="jump" coverage="100%"/>
							</conditions>
						</line>
						<line number="43" hits="1" branch="false"/>
						<line number="46" hits="1" branch="false"/>
						<line number="47" hits="1" branch="true" condition-coverage="25% (1/4)">
							<conditions>
								<condition number="0" type="jump" coverage="50%"/>
								<condition number="1" type="jump" coverage="0%"/>
							</conditions>
						</line>
						<line number="48" hits="1" branch="false"/>
						<line number="51" hits="0" branch="false"/>
					</lines>
				</class>
				<class name="hy.tmc.cli.backend.communication.HttpResult" filename="hy/tmc/cli/backend/communication/HttpResult.java" line-rate="1.0" branch-rate="1.0" complexity="1.0">
					<methods>
						<method name="&lt;init&gt;" signature="(Ljava/lang/String;IZ)V" line-rate="1.0" branch-rate="1.0" complexity="0">
							<lines>
								<line number="16" hits="132" branch="false"/>
								<line number="17" hits="132" branch="false"/>
								<line number="18" hits="132" branch="false"/>
								<line number="19" hits="132" branch="false"/>
								<line number="20" hits="132" branch="false"/>
							</lines>
						</method>
						<method name="getData" signature="()Ljava/lang/String;" line-rate="1.0" branch-rate="1.0" complexity="0">
							<lines>
								<line number="31" hits="29" branch="false"/>
							</lines>
						</method>
						<method name="getStatusCode" signature="()I" line-rate="1.0" branch-rate="1.0" complexity="0">
							<lines>
								<line number="39" hits="25" branch="false"/>
							</lines>
						</method>
						<method name="isSuccess" signature="()Z" line-rate="1.0" branch-rate="1.0" complexity="0">
							<lines>
								<line number="23" hits="2" branch="false"/>
							</lines>
						</method>
						<method name="setData" signature="(Ljava/lang/String;)V" line-rate="1.0" branch-rate="1.0" complexity="0">
							<lines>
								<line number="35" hits="1" branch="false"/>
								<line number="36" hits="1" branch="false"/>
							</lines>
						</method>
						<method name="setStatusCode" signature="(I)V" line-rate="1.0" branch-rate="1.0" complexity="0">
							<lines>
								<line number="43" hits="1" branch="false"/>
								<line number="44" hits="1" branch="false"/>
							</lines>
						</method>
						<method name="setSuccess" signature="(Z)V" line-rate="1.0" branch-rate="1.0" complexity="0">
							<lines>
								<line number="27" hits="1" branch="false"/>
								<line number="28" hits="1" branch="false"/>
							</lines>
						</method>
					</methods>
					<lines>
						<line number="16" hits="132" branch="false"/>
						<line number="17" hits="132" branch="false"/>
						<line number="18" hits="132" branch="false"/>
						<line number="19" hits="132" branch="false"/>
						<line number="20" hits="132" branch="false"/>
						<line number="23" hits="2" branch="false"/>
						<line number="27" hits="1" branch="false"/>
						<line number="28" hits="1" branch="false"/>
						<line number="31" hits="29" branch="false"/>
						<line number="35" hits="1" branch="false"/>
						<line number="36" hits="1" branch="false"/>
						<line number="39" hits="25" branch="false"/>
						<line number="43" hits="1" branch="false"/>
						<line number="44" hits="1" branch="false"/>
					</lines>
				</class>
				<class name="hy.tmc.cli.backend.communication.StatusPoller" filename="hy/tmc/cli/backend/communication/StatusPoller.java" line-rate="0.84" branch-rate="0.7" complexity="2.0">
					<methods>
						<method name="&lt;init&gt;" signature="(Lhy/tmc/cli/domain/Course;Lhy/tmc/cli/synchronization/PollScheduler;)V" line-rate="1.0" branch-rate="1.0" complexity="0">
							<lines>
								<line number="27" hits="2" branch="false"/>
								<line number="28" hits="2" branch="false"/>
								<line number="29" hits="2" branch="false"/>
								<line number="30" hits="2" branch="false"/>
							</lines>
						</method>
						<method name="checkReviews" signature="()Lcom/google/common/base/Optional;" line-rate="0.8" branch-rate="0.5" complexity="0">
							<lines>
								<line number="51" hits="1" branch="false"/>
								<line number="52" hits="1" branch="false"/>
								<line number="54" hits="1" branch="true" condition-coverage="50% (1/2)">
									<conditions>
										<condition number="0" type="jump" coverage="50%"/>
									</conditions>
								</line>
								<line number="55" hits="0" branch="false"/>
								<line number="57" hits="1" branch="false"/>
							</lines>
						</method>
						<method name="filter" signature="(Ljava/util/List;)Ljava/util/List;" line-rate="1.0" branch-rate="0.75" complexity="0">
							<lines>
								<line number="61" hits="1" branch="false"/>
								<line number="62" hits="1" branch="true" condition-coverage="100% (2/2)">
									<conditions>
										<condition number="0" type="jump" coverage="100%"/>
									</conditions>
								</line>
								<line number="63" hits="3" branch="true" condition-coverage="50% (1/2)">
									<conditions>
										<condition number="0" type="jump" coverage="50%"/>
									</conditions>
								</line>
								<line number="64" hits="3" branch="false"/>
								<line number="66" hits="3" branch="false"/>
								<line number="67" hits="1" branch="false"/>
							</lines>
						</method>
						<method name="runOneIteration" signature="()V" line-rate="1.0" branch-rate="0.75" complexity="0">
							<lines>
								<line number="34" hits="2" branch="true" condition-coverage="100% (2/2)">
									<conditions>
										<condition number="0" type="jump" coverage="100%"/>
									</conditions>
								</line>
								<line number="35" hits="1" branch="false"/>
								<line number="38" hits="1" branch="false"/>
								<line number="39" hits="1" branch="true" condition-coverage="50% (1/2)">
									<conditions>
										<condition number="0" type="jump" coverage="50%"/>
									</conditions>
								</line>
								<line number="40" hits="1" branch="false"/>
								<line number="41" hits="1" branch="false"/>
								<line number="43" hits="1" branch="false"/>
							</lines>
						</method>
						<method name="scheduler" signature="()Lcom/google/common/util/concurrent/AbstractScheduledService$Scheduler;" line-rate="0.0" branch-rate="1.0" complexity="0">
							<lines>
								<line number="47" hits="0" branch="false"/>
							</lines>
						</method>
						<method name="shutDown" signature="()V" line-rate="0.0" branch-rate="1.0" complexity="0">
							<lines>
								<line number="76" hits="0" branch="false"/>
							</lines>
						</method>
						<method name="startUp" signature="()V" line-rate="0.0" branch-rate="1.0" complexity="0">
							<lines>
								<line number="72" hits="0" branch="false"/>
							</lines>
						</method>
					</methods>
					<lines>
						<line number="27" hits="2" branch="false"/>
						<line number="28" hits="2" branch="false"/>
						<line number="29" hits="2" branch="false"/>
						<line number="30" hits="2" branch="false"/>
						<line number="34" hits="2" branch="true" condition-coverage="100% (2/2)">
							<conditions>
								<condition number="0" type="jump" coverage="100%"/>
							</conditions>
						</line>
						<line number="35" hits="1" branch="false"/>
						<line number="38" hits="1" branch="false"/>
						<line number="39" hits="1" branch="true" condition-coverage="50% (1/2)">
							<conditions>
								<condition number="0" type="jump" coverage="50%"/>
							</conditions>
						</line>
						<line number="40" hits="1" branch="false"/>
						<line number="41" hits="1" branch="false"/>
						<line number="43" hits="1" branch="false"/>
						<line number="47" hits="0" branch="false"/>
						<line number="51" hits="1" branch="false"/>
						<line number="52" hits="1" branch="false"/>
						<line number="54" hits="1" branch="true" condition-coverage="50% (1/2)">
							<conditions>
								<condition number="0" type="jump" coverage="50%"/>
							</conditions>
						</line>
						<line number="55" hits="0" branch="false"/>
						<line number="57" hits="1" branch="false"/>
						<line number="61" hits="1" branch="false"/>
						<line number="62" hits="1" branch="true" condition-coverage="100% (2/2)">
							<conditions>
								<condition number="0" type="jump" coverage="100%"/>
							</conditions>
						</line>
						<line number="63" hits="3" branch="true" condition-coverage="50% (1/2)">
							<conditions>
								<condition number="0" type="jump" coverage="50%"/>
							</conditions>
						</line>
						<line number="64" hits="3" branch="false"/>
						<line number="66" hits="3" branch="false"/>
						<line number="67" hits="1" branch="false"/>
						<line number="72" hits="0" branch="false"/>
						<line number="76" hits="0" branch="false"/>
					</lines>
				</class>
				<class name="hy.tmc.cli.backend.communication.SubmissionPoller" filename="hy/tmc/cli/backend/communication/SubmissionPoller.java" line-rate="0.0" branch-rate="0.0" complexity="3.0">
					<methods>
						<method name="&lt;init&gt;" signature="()V" line-rate="0.0" branch-rate="1.0" complexity="0">
							<lines>
								<line number="16" hits="0" branch="false"/>
								<line number="21" hits="0" branch="false"/>
								<line number="26" hits="0" branch="false"/>
								<line number="28" hits="0" branch="false"/>
							</lines>
						</method>
						<method name="getFeedbackQuestions" signature="()Ljava/util/List;" line-rate="0.0" branch-rate="1.0" complexity="0">
							<lines>
								<line number="57" hits="0" branch="false"/>
							</lines>
						</method>
						<method name="getSubmissionResult" signature="(Ljava/lang/String;)Lhy/tmc/cli/domain/submission/SubmissionResult;" line-rate="0.0" branch-rate="0.0" complexity="0">
							<lines>
								<line number="69" hits="0" branch="false"/>
								<line number="70" hits="0" branch="true" condition-coverage="0% (0/2)">
									<conditions>
										<condition number="0" type="jump" coverage="0%"/>
									</conditions>
								</line>
								<line number="71" hits="0" branch="false"/>
								<line number="73" hits="0" branch="false"/>
								<line number="74" hits="0" branch="false"/>
							</lines>
						</method>
						<method name="pollSubmissionUrl" signature="(Ljava/lang/String;)Lcom/google/common/base/Optional;" line-rate="0.0" branch-rate="0.0" complexity="0">
							<lines>
								<line number="43" hits="0" branch="true" condition-coverage="0% (0/2)">
									<conditions>
										<condition number="0" type="jump" coverage="0%"/>
									</conditions>
								</line>
								<line number="44" hits="0" branch="false"/>
								<line number="45" hits="0" branch="true" condition-coverage="0% (0/4)">
									<conditions>
										<condition number="0" type="jump" coverage="0%"/>
										<condition number="1" type="jump" coverage="0%"/>
									</conditions>
								</line>
								<line number="46" hits="0" branch="false"/>
								<line number="48" hits="0" branch="false"/>
								<line number="50" hits="0" branch="false"/>
							</lines>
						</method>
					</methods>
					<lines>
						<line number="16" hits="0" branch="false"/>
						<line number="21" hits="0" branch="false"/>
						<line number="26" hits="0" branch="false"/>
						<line number="28" hits="0" branch="false"/>
						<line number="43" hits="0" branch="true" condition-coverage="0% (0/2)">
							<conditions>
								<condition number="0" type="jump" coverage="0%"/>
							</conditions>
						</line>
						<line number="44" hits="0" branch="false"/>
						<line number="45" hits="0" branch="true" condition-coverage="0% (0/4)">
							<conditions>
								<condition number="0" type="jump" coverage="0%"/>
								<condition number="1" type="jump" coverage="0%"/>
							</conditions>
						</line>
						<line number="46" hits="0" branch="false"/>
						<line number="48" hits="0" branch="false"/>
						<line number="50" hits="0" branch="false"/>
						<line number="57" hits="0" branch="false"/>
						<line number="69" hits="0" branch="false"/>
						<line number="70" hits="0" branch="true" condition-coverage="0% (0/2)">
							<conditions>
								<condition number="0" type="jump" coverage="0%"/>
							</conditions>
						</line>
						<line number="71" hits="0" branch="false"/>
						<line number="73" hits="0" branch="false"/>
						<line number="74" hits="0" branch="false"/>
					</lines>
				</class>
				<class name="hy.tmc.cli.backend.communication.TmcJsonParser" filename="hy/tmc/cli/backend/communication/TmcJsonParser.java" line-rate="0.7419354838709677" branch-rate="0.5" complexity="1.6470588235294117">
					<methods>
						<method name="&lt;init&gt;" signature="()V" line-rate="0.0" branch-rate="1.0" complexity="0">
							<lines>
								<line number="25" hits="0" branch="false"/>
							</lines>
						</method>
						<method name="courseExists" signature="(I)Z" line-rate="0.6666666666666666" branch-rate="0.5" complexity="0">
							<lines>
								<line number="121" hits="1" branch="false"/>
								<line number="122" hits="1" branch="true" condition-coverage="50% (1/2)">
									<conditions>
										<condition number="0" type="jump" coverage="50%"/>
									</conditions>
								</line>
								<line number="123" hits="1" branch="true" condition-coverage="50% (1/2)">
									<conditions>
										<condition number="0" type="jump" coverage="50%"/>
									</conditions>
								</line>
								<line number="124" hits="1" branch="false"/>
								<line number="126" hits="0" branch="false"/>
								<line number="127" hits="0" branch="false"/>
							</lines>
						</method>
						<method name="getCourse" signature="(I)Lcom/google/common/base/Optional;" line-rate="0.75" branch-rate="0.5" complexity="0">
							<lines>
								<line number="113" hits="1" branch="false"/>
								<line number="114" hits="1" branch="true" condition-coverage="50% (1/2)">
									<conditions>
										<condition number="0" type="jump" coverage="50%"/>
									</conditions>
								</line>
								<line number="115" hits="0" branch="false"/>
								<line number="117" hits="1" branch="false"/>
							</lines>
						</method>
						<method name="getCourse" signature="(Ljava/lang/String;)Lcom/google/common/base/Optional;" line-rate="0.8333333333333334" branch-rate="0.5" complexity="0">
							<lines>
								<line number="137" hits="11" branch="false"/>
								<line number="138" hits="11" branch="false"/>
								<line number="139" hits="11" branch="false"/>
								<line number="141" hits="11" branch="true" condition-coverage="50% (1/2)">
									<conditions>
										<condition number="0" type="jump" coverage="50%"/>
									</conditions>
								</line>
								<line number="142" hits="0" branch="false"/>
								<line number="144" hits="11" branch="false"/>
							</lines>
						</method>
						<method name="getCourses" signature="()Ljava/util/List;" line-rate="1.0" branch-rate="1.0" complexity="0">
							<lines>
								<line number="61" hits="1" branch="false"/>
							</lines>
						</method>
						<method name="getCourses" signature="(Ljava/lang/String;)Ljava/util/List;" line-rate="1.0" branch-rate="1.0" complexity="0">
							<lines>
								<line number="34" hits="9" branch="false"/>
								<line number="35" hits="9" branch="false"/>
								<line number="36" hits="9" branch="false"/>
								<line number="37" hits="9" branch="false"/>
								<line number="38" hits="9" branch="false"/>
							</lines>
						</method>
						<method name="getCoursesFromString" signature="(Ljava/lang/String;)Ljava/util/List;" line-rate="1.0" branch-rate="1.0" complexity="0">
							<lines>
								<line number="98" hits="18" branch="false"/>
								<line number="99" hits="18" branch="false"/>
								<line number="100" hits="18" branch="false"/>
								<line number="101" hits="18" branch="false"/>
								<line number="102" hits="18" branch="false"/>
							</lines>
						</method>
						<method name="getExerciseNames" signature="(Ljava/lang/String;)Ljava/lang/String;" line-rate="1.0" branch-rate="1.0" complexity="0">
							<lines>
								<line number="85" hits="4" branch="false"/>
								<line number="86" hits="4" branch="false"/>
								<line number="87" hits="4" branch="true" condition-coverage="100% (2/2)">
									<conditions>
										<condition number="0" type="jump" coverage="100%"/>
									</conditions>
								</line>
								<line number="89" hits="612" branch="false"/>
								<line number="90" hits="612" branch="false"/>
								<line number="91" hits="4" branch="false"/>
							</lines>
						</method>
						<method name="getExercises" signature="(I)Ljava/util/List;" line-rate="1.0" branch-rate="1.0" complexity="0">
							<lines>
								<line number="165" hits="5" branch="false"/>
								<line number="166" hits="5" branch="false"/>
							</lines>
						</method>
						<method name="getExercises" signature="(Lhy/tmc/cli/domain/Course;)Ljava/util/List;" line-rate="0.0" branch-rate="1.0" complexity="0">
							<lines>
								<line number="155" hits="0" branch="false"/>
							</lines>
						</method>
						<method name="getExercises" signature="(Ljava/lang/String;)Ljava/util/List;" line-rate="0.75" branch-rate="0.5" complexity="0">
							<lines>
								<line number="177" hits="10" branch="false"/>
								<line number="178" hits="10" branch="true" condition-coverage="50% (1/2)">
									<conditions>
										<condition number="0" type="jump" coverage="50%"/>
									</conditions>
								</line>
								<line number="179" hits="10" branch="false"/>
								<line number="181" hits="0" branch="false"/>
							</lines>
						</method>
						<method name="getJsonFrom" signature="(Ljava/lang/String;)Lcom/google/gson/JsonObject;" line-rate="1.0" branch-rate="1.0" complexity="0">
							<lines>
								<line number="48" hits="42" branch="false"/>
								<line number="49" hits="21" branch="false"/>
								<line number="51" hits="21" branch="false"/>
								<line number="52" hits="21" branch="false"/>
							</lines>
						</method>
						<method name="getPasteUrl" signature="(Lhy/tmc/cli/backend/communication/HttpResult;)Ljava/lang/String;" line-rate="1.0" branch-rate="1.0" complexity="0">
							<lines>
								<line number="213" hits="2" branch="false"/>
							</lines>
						</method>
						<method name="getPropertyFromResult" signature="(Lhy/tmc/cli/backend/communication/HttpResult;Ljava/lang/String;)Ljava/lang/String;" line-rate="1.0" branch-rate="1.0" complexity="0">
							<lines>
								<line number="217" hits="4" branch="false"/>
								<line number="218" hits="4" branch="false"/>
								<line number="219" hits="4" branch="false"/>
							</lines>
						</method>
						<method name="getReviews" signature="(Ljava/lang/String;)Ljava/util/List;" line-rate="0.0" branch-rate="1.0" complexity="0">
							<lines>
								<line number="71" hits="0" branch="false"/>
								<line number="72" hits="0" branch="false"/>
								<line number="73" hits="0" branch="false"/>
								<line number="74" hits="0" branch="false"/>
								<line number="75" hits="0" branch="false"/>
							</lines>
						</method>
						<method name="getSubmissionResult" signature="(Ljava/lang/String;)Lhy/tmc/cli/domain/submission/SubmissionResult;" line-rate="1.0" branch-rate="1.0" complexity="0">
							<lines>
								<line number="191" hits="1" branch="false"/>
								<line number="192" hits="1" branch="false"/>
								<line number="193" hits="1" branch="false"/>
							</lines>
						</method>
						<method name="getSubmissionUrl" signature="(Lhy/tmc/cli/backend/communication/HttpResult;)Ljava/lang/String;" line-rate="1.0" branch-rate="1.0" complexity="0">
							<lines>
								<line number="203" hits="2" branch="false"/>
							</lines>
						</method>
						<method name="withApiVersion" signature="(Ljava/lang/String;)Ljava/lang/String;" line-rate="0.0" branch-rate="0.0" complexity="0">
							<lines>
								<line number="223" hits="0" branch="false"/>
								<line number="224" hits="0" branch="true" condition-coverage="0% (0/2)">
									<conditions>
										<condition number="0" type="jump" coverage="0%"/>
									</conditions>
								</line>
								<line number="225" hits="0" branch="false"/>
								<line number="227" hits="0" branch="false"/>
							</lines>
						</method>
					</methods>
					<lines>
						<line number="25" hits="0" branch="false"/>
						<line number="34" hits="9" branch="false"/>
						<line number="35" hits="9" branch="false"/>
						<line number="36" hits="9" branch="false"/>
						<line number="37" hits="9" branch="false"/>
						<line number="38" hits="9" branch="false"/>
						<line number="48" hits="42" branch="false"/>
						<line number="49" hits="21" branch="false"/>
						<line number="51" hits="21" branch="false"/>
						<line number="52" hits="21" branch="false"/>
						<line number="61" hits="1" branch="false"/>
						<line number="71" hits="0" branch="false"/>
						<line number="72" hits="0" branch="false"/>
						<line number="73" hits="0" branch="false"/>
						<line number="74" hits="0" branch="false"/>
						<line number="75" hits="0" branch="false"/>
						<line number="85" hits="4" branch="false"/>
						<line number="86" hits="4" branch="false"/>
						<line number="87" hits="4" branch="true" condition-coverage="100% (2/2)">
							<conditions>
								<condition number="0" type="jump" coverage="100%"/>
							</conditions>
						</line>
						<line number="89" hits="612" branch="false"/>
						<line number="90" hits="612" branch="false"/>
						<line number="91" hits="4" branch="false"/>
						<line number="98" hits="18" branch="false"/>
						<line number="99" hits="18" branch="false"/>
						<line number="100" hits="18" branch="false"/>
						<line number="101" hits="18" branch="false"/>
						<line number="102" hits="18" branch="false"/>
						<line number="113" hits="1" branch="false"/>
						<line number="114" hits="1" branch="true" condition-coverage="50% (1/2)">
							<conditions>
								<condition number="0" type="jump" coverage="50%"/>
							</conditions>
						</line>
						<line number="115" hits="0" branch="false"/>
						<line number="117" hits="1" branch="false"/>
						<line number="121" hits="1" branch="false"/>
						<line number="122" hits="1" branch="true" condition-coverage="50% (1/2)">
							<conditions>
								<condition number="0" type="jump" coverage="50%"/>
							</conditions>
						</line>
						<line number="123" hits="1" branch="true" condition-coverage="50% (1/2)">
							<conditions>
								<condition number="0" type="jump" coverage="50%"/>
							</conditions>
						</line>
						<line number="124" hits="1" branch="false"/>
						<line number="126" hits="0" branch="false"/>
						<line number="127" hits="0" branch="false"/>
						<line number="137" hits="11" branch="false"/>
						<line number="138" hits="11" branch="false"/>
						<line number="139" hits="11" branch="false"/>
						<line number="141" hits="11" branch="true" condition-coverage="50% (1/2)">
							<conditions>
								<condition number="0" type="jump" coverage="50%"/>
							</conditions>
						</line>
						<line number="142" hits="0" branch="false"/>
						<line number="144" hits="11" branch="false"/>
						<line number="155" hits="0" branch="false"/>
						<line number="165" hits="5" branch="false"/>
						<line number="166" hits="5" branch="false"/>
						<line number="177" hits="10" branch="false"/>
						<line number="178" hits="10" branch="true" condition-coverage="50% (1/2)">
							<conditions>
								<condition number="0" type="jump" coverage="50%"/>
							</conditions>
						</line>
						<line number="179" hits="10" branch="false"/>
						<line number="181" hits="0" branch="false"/>
						<line number="191" hits="1" branch="false"/>
						<line number="192" hits="1" branch="false"/>
						<line number="193" hits="1" branch="false"/>
						<line number="203" hits="2" branch="false"/>
						<line number="213" hits="2" branch="false"/>
						<line number="217" hits="4" branch="false"/>
						<line number="218" hits="4" branch="false"/>
						<line number="219" hits="4" branch="false"/>
						<line number="223" hits="0" branch="false"/>
						<line number="224" hits="0" branch="true" condition-coverage="0% (0/2)">
							<conditions>
								<condition number="0" type="jump" coverage="0%"/>
							</conditions>
						</line>
						<line number="225" hits="0" branch="false"/>
						<line number="227" hits="0" branch="false"/>
					</lines>
				</class>
				<class name="hy.tmc.cli.backend.communication.TmcServerException" filename="hy/tmc/cli/backend/communication/TmcServerException.java" line-rate="0.0" branch-rate="1.0" complexity="1.0">
					<methods>
						<method name="&lt;init&gt;" signature="()V" line-rate="0.0" branch-rate="1.0" complexity="0">
							<lines>
								<line number="12" hits="0" branch="false"/>
								<line number="13" hits="0" branch="false"/>
							</lines>
						</method>
						<method name="&lt;init&gt;" signature="(Ljava/lang/String;)V" line-rate="0.0" branch-rate="1.0" complexity="0">
							<lines>
								<line number="16" hits="0" branch="false"/>
								<line number="17" hits="0" branch="false"/>
							</lines>
						</method>
						<method name="&lt;init&gt;" signature="(Ljava/lang/String;Ljava/lang/Throwable;)V" line-rate="0.0" branch-rate="1.0" complexity="0">
							<lines>
								<line number="20" hits="0" branch="false"/>
								<line number="21" hits="0" branch="false"/>
							</lines>
						</method>
						<method name="&lt;init&gt;" signature="(Ljava/lang/Throwable;)V" line-rate="0.0" branch-rate="1.0" complexity="0">
							<lines>
								<line number="24" hits="0" branch="false"/>
								<line number="25" hits="0" branch="false"/>
							</lines>
						</method>
					</methods>
					<lines>
						<line number="12" hits="0" branch="false"/>
						<line number="13" hits="0" branch="false"/>
						<line number="16" hits="0" branch="false"/>
						<line number="17" hits="0" branch="false"/>
						<line number="20" hits="0" branch="false"/>
						<line number="21" hits="0" branch="false"/>
						<line number="24" hits="0" branch="false"/>
						<line number="25" hits="0" branch="false"/>
					</lines>
				</class>
				<class name="hy.tmc.cli.backend.communication.UrlCommunicator" filename="hy/tmc/cli/backend/communication/UrlCommunicator.java" line-rate="0.8507462686567164" branch-rate="0.55" complexity="1.6428571428571428">
					<methods>
						<method name="&lt;init&gt;" signature="()V" line-rate="1.0" branch-rate="1.0" complexity="0">
							<lines>
								<line number="38" hits="1" branch="false"/>
							</lines>
						</method>
						<method name="addCredentials" signature="(Lorg/apache/http/client/methods/HttpRequestBase;Ljava/lang/String;)V" line-rate="1.0" branch-rate="1.0" complexity="0">
							<lines>
								<line number="154" hits="24" branch="false"/>
								<line number="155" hits="24" branch="false"/>
								<line number="156" hits="24" branch="false"/>
							</lines>
						</method>
						<method name="addFileToRequest" signature="(Lorg/apache/http/entity/mime/content/ContentBody;Lorg/apache/http/client/methods/HttpPost;)V" line-rate="1.0" branch-rate="1.0" complexity="0">
							<lines>
								<line number="61" hits="7" branch="false"/>
								<line number="62" hits="7" branch="false"/>
								<line number="63" hits="7" branch="false"/>
								<line number="64" hits="7" branch="false"/>
								<line number="65" hits="7" branch="false"/>
								<line number="66" hits="7" branch="false"/>
								<line number="67" hits="7" branch="false"/>
							</lines>
						</method>
						<method name="addHeadersTo" signature="(Lorg/apache/http/client/methods/HttpRequestBase;Ljava/util/Map;)V" line-rate="1.0" branch-rate="1.0" complexity="0">
							<lines>
								<line number="165" hits="7" branch="true" condition-coverage="100% (2/2)">
									<conditions>
										<condition number="0" type="jump" coverage="100%"/>
									</conditions>
								</line>
								<line number="166" hits="6" branch="true" condition-coverage="100% (2/2)">
									<conditions>
										<condition number="0" type="jump" coverage="100%"/>
									</conditions>
								</line>
								<line number="167" hits="18" branch="false"/>
								<line number="168" hits="18" branch="false"/>
								<line number="170" hits="7" branch="false"/>
							</lines>
						</method>
						<method name="createClient" signature="()Lorg/apache/http/client/HttpClient;" line-rate="1.0" branch-rate="1.0" complexity="0">
							<lines>
								<line number="145" hits="24" branch="false"/>
							</lines>
						</method>
						<method name="createGet" signature="(Ljava/lang/String;[Ljava/lang/String;)Lorg/apache/http/client/methods/HttpGet;" line-rate="1.0" branch-rate="1.0" complexity="0">
							<lines>
								<line number="104" hits="15" branch="false"/>
								<line number="105" hits="15" branch="false"/>
								<line number="106" hits="15" branch="false"/>
							</lines>
						</method>
						<method name="downloadFile" signature="(Ljava/lang/String;Ljava/io/File;[Ljava/lang/String;)Z" line-rate="0.75" branch-rate="0.25" complexity="0">
							<lines>
								<line number="121" hits="10" branch="false"/>
								<line number="122" hits="10" branch="false"/>
								<line number="123" hits="10" branch="false"/>
								<line number="124" hits="10" branch="false"/>
								<line number="125" hits="10" branch="false"/>
								<line number="126" hits="10" branch="true" condition-coverage="25% (2/8)">
									<conditions>
										<condition number="0" type="jump" coverage="50%"/>
										<condition number="1" type="jump" coverage="50%"/>
										<condition number="2" type="jump" coverage="0%"/>
										<condition number="3" type="jump" coverage="0%"/>
									</conditions>
								</line>
								<line number="127" hits="0" branch="false"/>
								<line number="128" hits="0" branch="false"/>
							</lines>
						</method>
						<method name="executeRequest" signature="(Lorg/apache/http/client/methods/HttpRequestBase;)Lorg/apache/http/HttpResponse;" line-rate="1.0" branch-rate="1.0" complexity="0">
							<lines>
								<line number="150" hits="24" branch="false"/>
							</lines>
						</method>
						<method name="getResponseResult" signature="(Lorg/apache/http/client/methods/HttpRequestBase;)Lhy/tmc/cli/backend/communication/HttpResult;" line-rate="1.0" branch-rate="1.0" complexity="0">
							<lines>
								<line number="173" hits="14" branch="false"/>
								<line number="174" hits="12" branch="false"/>
								<line number="175" hits="12" branch="false"/>
								<line number="176" hits="12" branch="false"/>
								<line number="177" hits="12" branch="false"/>
								<line number="178" hits="12" branch="false"/>
							</lines>
						</method>
						<method name="makeGetRequest" signature="(Ljava/lang/String;[Ljava/lang/String;)Lhy/tmc/cli/backend/communication/HttpResult;" line-rate="1.0" branch-rate="1.0" complexity="0">
							<lines>
								<line number="78" hits="5" branch="false"/>
								<line number="79" hits="5" branch="false"/>
[...]
										<condition number="1" type="jump" coverage="100%"/>
									</conditions>
								</line>
							</lines>
						</method>
						<method name="readTmcprojectYml" signature="(Ljava/nio/file/Path;)V" line-rate="1.0" branch-rate="0.5" complexity="0">
							<lines>
								<line number="54" hits="18" branch="false"/>
								<line number="56" hits="1" branch="false"/>
								<line number="57" hits="1" branch="false"/>
								<line number="58" hits="17" branch="false"/>
								<line number="59" hits="17" branch="false"/>
								<line number="61" hits="17" branch="false"/>
								<line number="62" hits="17" branch="true" condition-coverage="50% (1/2)">
									<conditions>
										<condition number="0" type="jump" coverage="50%"/>
									</conditions>
								</line>
								<line number="63" hits="17" branch="false"/>
								<line number="65" hits="17" branch="false"/>
							</lines>
						</method>
					</methods>
					<lines>
						<line number="16" hits="22" branch="false"/>
						<line number="22" hits="22" branch="false"/>
						<line number="23" hits="22" branch="false"/>
						<line number="24" hits="22" branch="false"/>
						<line number="36" hits="200" branch="true" condition-coverage="100% (2/2)">
							<conditions>
								<condition number="0" type="jump" coverage="100%"/>
							</conditions>
						</line>
						<line number="37" hits="392" branch="true" condition-coverage="100% (2/2)">
							<conditions>
								<condition number="0" type="jump" coverage="100%"/>
							</conditions>
						</line>
						<line number="38" hits="8" branch="false"/>
						<line number="40" hits="384" branch="false"/>
						<line number="41" hits="192" branch="true" condition-coverage="100% (4/4)">
							<conditions>
								<condition number="0" type="jump" coverage="100%"/>
								<condition number="1" type="jump" coverage="100%"/>
							</conditions>
						</line>
						<line number="54" hits="18" branch="false"/>
						<line number="56" hits="1" branch="false"/>
						<line number="57" hits="1" branch="false"/>
						<line number="58" hits="17" branch="false"/>
						<line number="59" hits="17" branch="false"/>
						<line number="61" hits="17" branch="false"/>
						<line number="62" hits="17" branch="true" condition-coverage="50% (1/2)">
							<conditions>
								<condition number="0" type="jump" coverage="50%"/>
							</conditions>
						</line>
						<line number="63" hits="17" branch="false"/>
						<line number="65" hits="17" branch="false"/>
					</lines>
				</class>
				<class name="hy.tmc.cli.zipping.ProjectRootDetector" filename="hy/tmc/cli/zipping/ProjectRootDetector.java" line-rate="1.0" branch-rate="1.0" complexity="1.0">
					<methods>
					</methods>
					<lines>
					</lines>
				</class>
				<class name="hy.tmc.cli.zipping.ProjectRootFinder" filename="hy/tmc/cli/zipping/ProjectRootFinder.java" line-rate="0.8928571428571429" branch-rate="0.9166666666666666" complexity="2.8333333333333335">
					<methods>
						<method name="&lt;init&gt;" signature="(Lhy/tmc/cli/zipping/ProjectRootDetector;)V" line-rate="1.0" branch-rate="1.0" complexity="0">
							<lines>
								<line number="24" hits="26" branch="false"/>
								<line number="25" hits="26" branch="false"/>
								<line number="26" hits="26" branch="false"/>
							</lines>
						</method>
						<method name="checkPwd" signature="([Ljava/lang/String;)V" line-rate="0.6666666666666666" branch-rate="0.5" complexity="0">
							<lines>
								<line number="89" hits="7" branch="true" condition-coverage="50% (1/2)">
									<conditions>
										<condition number="0" type="jump" coverage="50%"/>
									</conditions>
								</line>
								<line number="90" hits="0" branch="false"/>
								<line number="92" hits="7" branch="false"/>
							</lines>
						</method>
						<method name="findCourseByPath" signature="([Ljava/lang/String;)Lcom/google/common/base/Optional;" line-rate="1.0" branch-rate="1.0" complexity="0">
							<lines>
								<line number="74" hits="10" branch="false"/>
								<line number="75" hits="10" branch="false"/>
								<line number="76" hits="10" branch="false"/>
								<line number="77" hits="10" branch="true" condition-coverage="100% (2/2)">
									<conditions>
										<condition number="0" type="jump" coverage="100%"/>
									</conditions>
								</line>
								<line number="78" hits="702" branch="true" condition-coverage="100% (2/2)">
									<conditions>
										<condition number="0" type="jump" coverage="100%"/>
									</conditions>
								</line>
								<line number="79" hits="606" branch="true" condition-coverage="100% (2/2)">
									<conditions>
										<condition number="0" type="jump" coverage="100%"/>
									</conditions>
								</line>
								<line number="80" hits="8" branch="false"/>
								<line number="81" hits="8" branch="false"/>
								<line number="84" hits="96" branch="false"/>
								<line number="85" hits="2" branch="false"/>
							</lines>
						</method>
						<method name="getCurrentCourse" signature="(Ljava/lang/String;)Lcom/google/common/base/Optional;" line-rate="0.6666666666666666" branch-rate="1.0" complexity="0">
							<lines>
								<line number="57" hits="7" branch="false"/>
								<line number="59" hits="7" branch="false"/>
								<line number="60" hits="0" branch="false"/>
								<line number="61" hits="0" branch="false"/>
								<line number="62" hits="7" branch="false"/>
								<line number="63" hits="7" branch="false"/>
							</lines>
						</method>
						<method name="getRootDirectory" signature="(Ljava/nio/file/Path;)Lcom/google/common/base/Optional;" line-rate="1.0" branch-rate="1.0" complexity="0">
							<lines>
								<line number="36" hits="4" branch="false"/>
							</lines>
						</method>
						<method name="search" signature="(Ljava/nio/file/Path;)Lcom/google/common/base/Optional;" line-rate="1.0" branch-rate="1.0" complexity="0">
							<lines>
								<line number="40" hits="6" branch="true" condition-coverage="100% (2/2)">
									<conditions>
										<condition number="0" type="jump" coverage="100%"/>
									</conditions>
								</line>
								<line number="41" hits="5" branch="true" condition-coverage="100% (2/2)">
									<conditions>
										<condition number="0" type="jump" coverage="100%"/>
									</conditions>
								</line>
								<line number="42" hits="3" branch="false"/>
								<line number="44" hits="2" branch="false"/>
								<line number="46" hits="1" branch="false"/>
							</lines>
						</method>
					</methods>
					<lines>
						<line number="24" hits="26" branch="false"/>
						<line number="25" hits="26" branch="false"/>
						<line number="26" hits="26" branch="false"/>
						<line number="36" hits="4" branch="false"/>
						<line number="40" hits="6" branch="true" condition-coverage="100% (2/2)">
							<conditions>
								<condition number="0" type="jump" coverage="100%"/>
							</conditions>
						</line>
						<line number="41" hits="5" branch="true" condition-coverage="100% (2/2)">
							<conditions>
								<condition number="0" type="jump" coverage="100%"/>
							</conditions>
						</line>
						<line number="42" hits="3" branch="false"/>
						<line number="44" hits="2" branch="false"/>
						<line number="46" hits="1" branch="false"/>
						<line number="57" hits="7" branch="false"/>
						<line number="59" hits="7" branch="false"/>
						<line number="60" hits="0" branch="false"/>
						<line number="61" hits="0" branch="false"/>
						<line number="62" hits="7" branch="false"/>
						<line number="63" hits="7" branch="false"/>
						<line number="74" hits="10" branch="false"/>
						<line number="75" hits="10" branch="false"/>
						<line number="76" hits="10" branch="false"/>
						<line number="77" hits="10" branch="true" condition-coverage="100% (2/2)">
							<conditions>
								<condition number="0" type="jump" coverage="100%"/>
							</conditions>
						</line>
						<line number="78" hits="702" branch="true" condition-coverage="100% (2/2)">
							<conditions>
								<condition number="0" type="jump" coverage="100%"/>
							</conditions>
						</line>
						<line number="79" hits="606" branch="true" condition-coverage="100% (2/2)">
							<conditions>
								<condition number="0" type="jump" coverage="100%"/>
							</conditions>
						</line>
						<line number="80" hits="8" branch="false"/>
						<line number="81" hits="8" branch="false"/>
						<line number="84" hits="96" branch="false"/>
						<line number="85" hits="2" branch="false"/>
						<line number="89" hits="7" branch="true" condition-coverage="50% (1/2)">
							<conditions>
								<condition number="0" type="jump" coverage="50%"/>
							</conditions>
						</line>
						<line number="90" hits="0" branch="false"/>
						<line number="92" hits="7" branch="false"/>
					</lines>
				</class>
				<class name="hy.tmc.cli.zipping.RootFinder" filename="hy/tmc/cli/zipping/RootFinder.java" line-rate="1.0" branch-rate="1.0" complexity="1.0">
					<methods>
					</methods>
					<lines>
					</lines>
				</class>
				<class name="hy.tmc.cli.zipping.UnzipDecider" filename="hy/tmc/cli/zipping/UnzipDecider.java" line-rate="1.0" branch-rate="1.0" complexity="1.0">
					<methods>
					</methods>
					<lines>
					</lines>
				</class>
				<class name="hy.tmc.cli.zipping.Unzipper" filename="hy/tmc/cli/zipping/Unzipper.java" line-rate="1.0" branch-rate="1.0" complexity="1.5714285714285714">
					<methods>
						<method name="&lt;init&gt;" signature="(Ljava/lang/String;Ljava/lang/String;Lhy/tmc/cli/zipping/UnzipDecider;)V" line-rate="1.0" branch-rate="1.0" complexity="0">
							<lines>
								<line number="22" hits="19" branch="false"/>
								<line number="32" hits="19" branch="false"/>
								<line number="33" hits="19" branch="false"/>
								<line number="34" hits="19" branch="false"/>
								<line number="35" hits="19" branch="false"/>
								<line number="36" hits="19" branch="false"/>
							</lines>
						</method>
						<method name="extractYml" signature="(Lnet/lingala/zip4j/core/ZipFile;)V" line-rate="1.0" branch-rate="1.0" complexity="0">
							<lines>
								<line number="59" hits="19" branch="false"/>
								<line number="60" hits="8" branch="true" condition-coverage="100% (2/2)">
									<conditions>
										<condition number="0" type="jump" coverage="100%"/>
									</conditions>
								</line>
								<line number="61" hits="200" branch="false"/>
								<line number="62" hits="200" branch="true" condition-coverage="100% (2/2)">
									<conditions>
										<condition number="0" type="jump" coverage="100%"/>
									</conditions>
								</line>
								<line number="63" hits="16" branch="false"/>
								<line number="64" hits="16" branch="false"/>
								<line number="65" hits="16" branch="false"/>
								<line number="67" hits="200" branch="false"/>
								<line number="68" hits="8" branch="false"/>
							</lines>
						</method>
						<method name="getUnzipLocation" signature="()Ljava/lang/String;" line-rate="1.0" branch-rate="1.0" complexity="0">
							<lines>
								<line number="39" hits="1" branch="false"/>
							</lines>
						</method>
						<method name="getZipPath" signature="()Ljava/lang/String;" line-rate="1.0" branch-rate="1.0" complexity="0">
							<lines>
								<line number="47" hits="1" branch="false"/>
							</lines>
						</method>
						<method name="setUnzipLocation" signature="(Ljava/lang/String;)V" line-rate="1.0" branch-rate="1.0" complexity="0">
							<lines>
								<line number="43" hits="1" branch="false"/>
								<line number="44" hits="1" branch="false"/>
							</lines>
						</method>
						<method name="setZipPath" signature="(Ljava/lang/String;)V" line-rate="1.0" branch-rate="1.0" complexity="0">
							<lines>
								<line number="51" hits="2" branch="false"/>
								<line number="52" hits="2" branch="false"/>
							</lines>
						</method>
						<method name="unzip" signature="()V" line-rate="1.0" branch-rate="1.0" complexity="0">
							<lines>
								<line number="78" hits="19" branch="false"/>
								<line number="79" hits="19" branch="false"/>
								<line number="81" hits="8" branch="false"/>
								<line number="83" hits="8" branch="true" condition-coverage="100% (2/2)">
									<conditions>
										<condition number="0" type="jump" coverage="100%"/>
									</conditions>
								</line>
								<line number="84" hits="200" branch="false"/>
								<line number="85" hits="200" branch="false"/>
								<line number="86" hits="200" branch="true" condition-coverage="100% (2/2)">
									<conditions>
										<condition number="0" type="jump" coverage="100%"/>
									</conditions>
								</line>
								<line number="87" hits="186" branch="false"/>
								<line number="89" hits="200" branch="false"/>
								<line number="90" hits="8" branch="false"/>
							</lines>
						</method>
					</methods>
					<lines>
						<line number="22" hits="19" branch="false"/>
						<line number="32" hits="19" branch="false"/>
						<line number="33" hits="19" branch="false"/>
						<line number="34" hits="19" branch="false"/>
						<line number="35" hits="19" branch="false"/>
						<line number="36" hits="19" branch="false"/>
						<line number="39" hits="1" branch="false"/>
						<line number="43" hits="1" branch="false"/>
						<line number="44" hits="1" branch="false"/>
						<line number="47" hits="1" branch="false"/>
						<line number="51" hits="2" branch="false"/>
						<line number="52" hits="2" branch="false"/>
						<line number="59" hits="19" branch="false"/>
						<line number="60" hits="8" branch="true" condition-coverage="100% (2/2)">
							<conditions>
								<condition number="0" type="jump" coverage="100%"/>
							</conditions>
						</line>
						<line number="61" hits="200" branch="false"/>
						<line number="62" hits="200" branch="true" condition-coverage="100% (2/2)">
							<conditions>
								<condition number="0" type="jump" coverage="100%"/>
							</conditions>
						</line>
						<line number="63" hits="16" branch="false"/>
						<line number="64" hits="16" branch="false"/>
						<line number="65" hits="16" branch="false"/>
						<line number="67" hits="200" branch="false"/>
						<line number="68" hits="8" branch="false"/>
						<line number="78" hits="19" branch="false"/>
						<line number="79" hits="19" branch="false"/>
						<line number="81" hits="8" branch="false"/>
						<line number="83" hits="8" branch="true" condition-coverage="100% (2/2)">
							<conditions>
								<condition number="0" type="jump" coverage="100%"/>
							</conditions>
						</line>
						<line number="84" hits="200" branch="false"/>
						<line number="85" hits="200" branch="false"/>
						<line number="86" hits="200" branch="true" condition-coverage="100% (2/2)">
							<conditions>
								<condition number="0" type="jump" coverage="100%"/>
							</conditions>
						</line>
						<line number="87" hits="186" branch="false"/>
						<line number="89" hits="200" branch="false"/>
						<line number="90" hits="8" branch="false"/>
					</lines>
				</class>
				<class name="hy.tmc.cli.zipping.ZipMaker" filename="hy/tmc/cli/zipping/ZipMaker.java" line-rate="1.0" branch-rate="1.0" complexity="1.0">
					<methods>
					</methods>
					<lines>
					</lines>
				</class>
				<class name="hy.tmc.cli.zipping.Zipper" filename="hy/tmc/cli/zipping/Zipper.java" line-rate="1.0" branch-rate="1.0" complexity="1.0">
					<methods>
						<method name="&lt;init&gt;" signature="()V" line-rate="1.0" branch-rate="1.0" complexity="0">
							<lines>
								<line number="13" hits="6" branch="false"/>
							</lines>
						</method>
						<method name="zip" signature="(Ljava/lang/String;Ljava/lang/String;)V" line-rate="1.0" branch-rate="1.0" complexity="0">
							<lines>
								<line number="24" hits="3" branch="false"/>
								<line number="25" hits="3" branch="false"/>
								<line number="26" hits="3" branch="false"/>
							</lines>
						</method>
					</methods>
					<lines>
						<line number="13" hits="6" branch="false"/>
						<line number="24" hits="3" branch="false"/>
						<line number="25" hits="3" branch="false"/>
						<line number="26" hits="3" branch="false"/>
					</lines>
				</class>
			</classes>
		</package>
		<package name="hy.tmc.core.exceptions" line-rate="0.25" branch-rate="1.0" complexity="1.0">
			<classes>
				<class name="hy.tmc.core.exceptions.ExpiredException" filename="hy/tmc/core/exceptions/ExpiredException.java" line-rate="0.25" branch-rate="1.0" complexity="1.0">
					<methods>
						<method name="&lt;init&gt;" signature="()V" line-rate="0.0" branch-rate="1.0" complexity="0">
							<lines>
								<line number="9" hits="0" branch="false"/>
								<line number="10" hits="0" branch="false"/>
							</lines>
						</method>
						<method name="&lt;init&gt;" signature="(Ljava/lang/String;)V" line-rate="1.0" branch-rate="1.0" complexity="0">
							<lines>
								<line number="17" hits="1" branch="false"/>
								<line number="18" hits="1" branch="false"/>
							</lines>
						</method>
						<method name="&lt;init&gt;" signature="(Ljava/lang/String;Ljava/lang/Throwable;)V" line-rate="0.0" branch-rate="1.0" complexity="0">
							<lines>
								<line number="27" hits="0" branch="false"/>
								<line number="28" hits="0" branch="false"/>
							</lines>
						</method>
						<method name="&lt;init&gt;" signature="(Ljava/lang/Throwable;)V" line-rate="0.0" branch-rate="1.0" complexity="0">
							<lines>
								<line number="36" hits="0" branch="false"/>
								<line number="37" hits="0" branch="false"/>
							</lines>
						</method>
					</methods>
					<lines>
						<line number="9" hits="0" branch="false"/>
						<line number="10" hits="0" branch="false"/>
						<line number="17" hits="1" branch="false"/>
						<line number="18" hits="1" branch="false"/>
						<line number="27" hits="0" branch="false"/>
						<line number="28" hits="0" branch="false"/>
						<line number="36" hits="0" branch="false"/>
						<line number="37" hits="0" branch="false"/>
					</lines>
				</class>
				<class name="hy.tmc.core.exceptions.ProtocolException" filename="hy/tmc/core/exceptions/ProtocolException.java" line-rate="0.25" branch-rate="1.0" complexity="1.0">
					<methods>
						<method name="&lt;init&gt;" signature="()V" line-rate="0.0" branch-rate="1.0" complexity="0">
							<lines>
								<line number="12" hits="0" branch="false"/>
								<line number="13" hits="0" branch="false"/>
							</lines>
						</method>
						<method name="&lt;init&gt;" signature="(Ljava/lang/String;)V" line-rate="1.0" branch-rate="1.0" complexity="0">
							<lines>
								<line number="20" hits="27" branch="false"/>
								<line number="21" hits="27" branch="false"/>
							</lines>
						</method>
						<method name="&lt;init&gt;" signature="(Ljava/lang/String;Ljava/lang/Throwable;)V" line-rate="0.0" branch-rate="1.0" complexity="0">
							<lines>
								<line number="30" hits="0" branch="false"/>
								<line number="31" hits="0" branch="false"/>
							</lines>
						</method>
						<method name="&lt;init&gt;" signature="(Ljava/lang/Throwable;)V" line-rate="0.0" branch-rate="1.0" complexity="0">
							<lines>
								<line number="39" hits="0" branch="false"/>
								<line number="40" hits="0" branch="false"/>
							</lines>
						</method>
					</methods>
					<lines>
						<line number="12" hits="0" branch="false"/>
						<line number="13" hits="0" branch="false"/>
						<line number="20" hits="27" branch="false"/>
						<line number="21" hits="27" branch="false"/>
						<line number="30" hits="0" branch="false"/>
						<line number="31" hits="0" branch="false"/>
						<line number="39" hits="0" branch="false"/>
						<line number="40" hits="0" branch="false"/>
					</lines>
				</class>
			</classes>
		</package>
	</packages>
</coverage>
