<?xml version="1.0" encoding="UTF-8" ?>
<testsuite tests="17" failures="0" name="feature.runtests.TmcTestsTest" time="13.066" errors="0" skipped="0">
  <properties>
[...]
</properties>
  <testcase classname="Scenario: Test an exercise where all tests pass" name="Given the user is in the exercise directory \&quot;testResources\/successExercise\/viikko1\/Viikko1_001.Nimi\&quot;" time="0"/>
  <testcase classname="Scenario: Test an exercise where all tests pass" name="When the user runs the tests" time="0"/>
  <testcase classname="Scenario: Test an exercise where all tests pass" name="Then the user sees that all tests have passed." time="0"/>
  <testcase classname="Scenario: Test an exercise where all tests pass" name="Scenario: Test an exercise where all tests pass" time="0"/>
  <testcase classname="Scenario: Test an exercise where all tests fail" name="Given the user is in the exercise directory \&quot;testResources\/failingExercise\/viikko1\/Viikko1_001.Nimi\&quot;" time="0"/>
  <testcase classname="Scenario: Test an exercise where all tests fail" name="When the user runs the tests" time="0"/>
  <testcase classname="Scenario: Test an exercise where all tests fail" name="Then the user sees which tests have failed" time="0"/>
  <testcase classname="Scenario: Test an exercise where all tests fail" name="Scenario: Test an exercise where all tests fail" time="0"/>
  <testcase classname="Scenario: Test an exercise where some tests fail" name="Given the user is in the exercise directory \&quot;testResources\/halfdoneExercise\/viikko1\/Viikko1_004.Muuttujat\&quot;" time="0"/>
  <testcase classname="Scenario: Test an exercise where some tests fail" name="When the user runs the tests" time="0"/>
  <testcase classname="Scenario: Test an exercise where some tests fail" name="Then the user sees both passed and failed tests" time="0"/>
  <testcase classname="Scenario: Test an exercise where some tests fail" name="Scenario: Test an exercise where some tests fail" time="0"/>
  <testcase classname="Scenario: Test an exercise where all tests pass with vim flag" name="Given the user is in the exercise directory \&quot;testResources\/successExercise\/viikko1\/Viikko1_001.Nimi\&quot;" time="0"/>
  <testcase classname="Scenario: Test an exercise where all tests pass with vim flag" name="And the user gives the vim flag" time="0"/>
  <testcase classname="Scenario: Test an exercise where all tests pass with vim flag" name="When the user runs the tests" time="0"/>
  <testcase classname="Scenario: Test an exercise where all tests pass with vim flag" name="Then the user sees that all tests have passed formatted with vim formatter." time="0"/>
  <testcase classname="Scenario: Test an exercise where all tests pass with vim flag" name="Scenario: Test an exercise where all tests pass with vim flag" time="0"/>
</testsuite>