<?xml version="1.0" encoding="UTF-8" ?>
<testsuite errors="0" failures="1" hostname="Ankkamaatti" name="TaysiIkaisyysTest" skipped="0" tests="3" time="0.162" timestamp="2015-05-28T10:20:05">
  <properties>
[...]
</properties>
  <testcase classname="TaysiIkaisyysTest" name="testToinen" time="0.011" />
  <testcase classname="TaysiIkaisyysTest" name="test" time="0.006">
    <failure message="Tulosteessasi pitäisi olla teksti &quot;Et ole vielä täysi-ikäinen&quot;, nyt ei ollut. Tulosteesi oli: asdf?&#xa;Olet jo täysi-ikäinen&#xa;" type="junit.framework.AssertionFailedError">junit.framework.AssertionFailedError: Tulosteessasi pitäisi olla teksti &quot;Et ole vielä täysi-ikäinen&quot;, nyt ei ollut. Tulosteesi oli: asdf?
Olet jo täysi-ikäinen

	at TaysiIkaisyysTest.testTaysiIkaisyys(TaysiIkaisyysTest.java:49)
	at TaysiIkaisyysTest.test(TaysiIkaisyysTest.java:17)
	at fi.helsinki.cs.tmc.edutestutils.MockStdio$1.evaluate(MockStdio.java:106)
</failure>
  </testcase>
  <testcase classname="TaysiIkaisyysTest" name="testKolmas" time="0.001" />
  <system-out><![CDATA[]]></system-out>
  <system-err><![CDATA[]]></system-err>
</testsuite>
